Build started 11/30/2015 2:48:12 PM.
     1>Project "C:\Users\Alicia\Dropbox\Oregon State\Intro to CS1\week10\Project2\Project2\Project2.vcxproj" on node 2 (Build target(s)).
     1>ClCompile:
         C:\Program Files (x86)\Microsoft Visual Studio 14.0\VC\bin\CL.exe /c /ZI /nologo /W3 /WX- /sdl /Od /Oy- /D _MBCS /Gm /EHsc /RTC1 /MDd /GS /fp:precise /Zc:wchar_t /Zc:forScope /Zc:inline /Fo"Debug\\" /Fd"Debug\vc140.pdb" /Gd /TP /analyze- /errorReport:prompt ..\..\FinalProject\FinalProject\Book.cpp ..\..\FinalProject\FinalProject\LibraryMain.cpp ..\..\FinalProject\FinalProject\Patron.cpp
         Patron.cpp
     1>c:\users\alicia\dropbox\oregon state\intro to cs1\week10\finalproject\finalproject\patron.hpp(18): error C2065: 'Book': undeclared identifier
     1>c:\users\alicia\dropbox\oregon state\intro to cs1\week10\finalproject\finalproject\patron.hpp(18): error C2059: syntax error: '>'
     1>c:\users\alicia\dropbox\oregon state\intro to cs1\week10\finalproject\finalproject\patron.hpp(18): error C2976: 'std::vector': too few template arguments
         c:\program files (x86)\microsoft visual studio 14.0\vc\include\vector(678): note: see declaration of 'std::vector'
     1>c:\users\alicia\dropbox\oregon state\intro to cs1\week10\finalproject\finalproject\patron.cpp(9): error C2512: 'std::vector': no appropriate default constructor available
         c:\program files (x86)\microsoft visual studio 14.0\vc\include\vector(678): note: see declaration of 'std::vector'
         Book.cpp
     1>c:\users\alicia\dropbox\oregon state\intro to cs1\week10\finalproject\finalproject\patron.hpp(18): error C2065: 'Book': undeclared identifier
     1>c:\users\alicia\dropbox\oregon state\intro to cs1\week10\finalproject\finalproject\patron.hpp(18): error C2059: syntax error: '>'
     1>c:\users\alicia\dropbox\oregon state\intro to cs1\week10\finalproject\finalproject\patron.hpp(18): error C2976: 'std::vector': too few template arguments
         c:\program files (x86)\microsoft visual studio 14.0\vc\include\vector(678): note: see declaration of 'std::vector'
         Generating Code...
         Skipping... (no relevant changes detected)
         LibraryMain.cpp
     1>Done Building Project "C:\Users\Alicia\Dropbox\Oregon State\Intro to CS1\week10\Project2\Project2\Project2.vcxproj" (Build target(s)) -- FAILED.

Build FAILED.

Time Elapsed 00:00:01.75
